<?xml version="1.0" encoding="UTF-8"?>
<testng-results ignored="0" total="1" passed="1" failed="0" skipped="0">
  <reporter-output>
  </reporter-output>
  <suite started-at="2023-11-30T09:17:40Z" name="Default suite" finished-at="2023-11-30T09:18:12Z" duration-ms="31238">
    <groups>
    </groups>
    <test started-at="2023-11-30T09:17:40Z" name="Default test" finished-at="2023-11-30T09:18:12Z" duration-ms="31238">
      <class name="com.krisshop.user.Testcase_01">
        <test-method is-config="true" signature="beforeClass()[pri:0, instance:com.krisshop.user.Testcase_01@19e4653c]" started-at="2023-11-30T09:17:40Z" name="beforeClass" finished-at="2023-11-30T09:17:49Z" duration-ms="8937" status="PASS">
          <reporter-output>
          </reporter-output>
        </test-method> <!-- beforeClass -->
        <test-method signature="TC_01()[pri:0, instance:com.krisshop.user.Testcase_01@19e4653c]" started-at="2023-11-30T09:17:49Z" name="TC_01" finished-at="2023-11-30T09:18:12Z" duration-ms="22274" status="PASS">
          <reporter-output>
          </reporter-output>
        </test-method> <!-- TC_01 -->
        <test-method is-config="true" signature="afterClass()[pri:0, instance:com.krisshop.user.Testcase_01@19e4653c]" started-at="2023-11-30T09:18:12Z" name="afterClass" finished-at="2023-11-30T09:18:12Z" duration-ms="0" status="PASS">
          <reporter-output>
          </reporter-output>
        </test-method> <!-- afterClass -->
      </class> <!-- com.krisshop.user.Testcase_01 -->
    </test> <!-- Default test -->
  </suite> <!-- Default suite -->
</testng-results>
